# JRE version: Java(TM) SE Runtime Environment (8.0_112-b15) (build 1.8.0_112-b15)
# Java VM: Java HotSpot(TM) 64-Bit Server VM (25.112-b15 mixed mode windows-amd64 compressed oops)
Heap:
 PSYoungGen      total 377344K, used 123291K [0x00000000d6b80000, 0x00000000efc80000, 0x0000000100000000)
  eden space 357888K, 31% used [0x00000000d6b80000,0x00000000dd964f58,0x00000000ec900000)
  from space 19456K, 55% used [0x00000000ed680000,0x00000000ee101e28,0x00000000ee980000)
  to   space 14848K, 0% used [0x00000000eee00000,0x00000000eee00000,0x00000000efc80000)
 ParOldGen       total 73216K, used 41498K [0x0000000084200000, 0x0000000088980000, 0x00000000d6b80000)
  object space 73216K, 56% used [0x0000000084200000,0x0000000086a86a08,0x0000000088980000)
 Metaspace       used 56394K, capacity 56956K, committed 57472K, reserved 1099776K
  class space    used 7343K, capacity 7474K, committed 7552K, reserved 1048576K
GC Heap History (10 events):
Event: 20.550 GC heap before
{Heap before GC invocations=9 (full 1):
 PSYoungGen      total 139264K, used 134588K [0x00000000d6b80000, 0x00000000e7180000, 0x0000000100000000)
  eden space 126976K, 100% used [0x00000000d6b80000,0x00000000de780000,0x00000000de780000)
  from space 12288K, 61% used [0x00000000de780000,0x00000000deeef0b0,0x00000000df380000)
  to   space 11776K, 0% used [0x00000000e6600000,0x00000000e6600000,0x00000000e7180000)
 ParOldGen       total 50176K, used 9694K [0x0000000084200000, 0x0000000087300000, 0x00000000d6b80000)
  object space 50176K, 19% used [0x0000000084200000,0x0000000084b778a8,0x0000000087300000)
 Metaspace       used 26815K, capacity 27134K, committed 27520K, reserved 1073152K
  class space    used 3346K, capacity 3419K, committed 3456K, reserved 1048576K
Event: 20.627 GC heap after
Heap after GC invocations=9 (full 1):
 PSYoungGen      total 257024K, used 6327K [0x00000000d6b80000, 0x00000000e7200000, 0x0000000100000000)
  eden space 245248K, 0% used [0x00000000d6b80000,0x00000000d6b80000,0x00000000e5b00000)
  from space 11776K, 53% used [0x00000000e6600000,0x00000000e6c2dea0,0x00000000e7180000)
  to   space 11264K, 0% used [0x00000000e5b00000,0x00000000e5b00000,0x00000000e6600000)
 ParOldGen       total 50176K, used 9694K [0x0000000084200000, 0x0000000087300000, 0x00000000d6b80000)
  object space 50176K, 19% used [0x0000000084200000,0x0000000084b778a8,0x0000000087300000)
 Metaspace       used 26815K, capacity 27134K, committed 27520K, reserved 1073152K
  class space    used 3346K, capacity 3419K, committed 3456K, reserved 1048576K
}
Event: 25.065 GC heap before
{Heap before GC invocations=10 (full 1):
 PSYoungGen      total 257024K, used 217879K [0x00000000d6b80000, 0x00000000e7200000, 0x0000000100000000)
  eden space 245248K, 86% used [0x00000000d6b80000,0x00000000e3a17d80,0x00000000e5b00000)
  from space 11776K, 53% used [0x00000000e6600000,0x00000000e6c2dea0,0x00000000e7180000)
  to   space 11264K, 0% used [0x00000000e5b00000,0x00000000e5b00000,0x00000000e6600000)
 ParOldGen       total 50176K, used 9694K [0x0000000084200000, 0x0000000087300000, 0x00000000d6b80000)
  object space 50176K, 19% used [0x0000000084200000,0x0000000084b778a8,0x0000000087300000)
 Metaspace       used 34727K, capacity 35198K, committed 35496K, reserved 1081344K
  class space    used 4367K, capacity 4521K, committed 4608K, reserved 1048576K
Event: 25.088 GC heap after
Heap after GC invocations=10 (full 1):
 PSYoungGen      total 256512K, used 11244K [0x00000000d6b80000, 0x00000000efc80000, 0x0000000100000000)
  eden space 245248K, 0% used [0x00000000d6b80000,0x00000000d6b80000,0x00000000e5b00000)
  from space 11264K, 99% used [0x00000000e5b00000,0x00000000e65fb218,0x00000000e6600000)
  to   space 14848K, 0% used [0x00000000eee00000,0x00000000eee00000,0x00000000efc80000)
 ParOldGen       total 50176K, used 15371K [0x0000000084200000, 0x0000000087300000, 0x00000000d6b80000)
  object space 50176K, 30% used [0x0000000084200000,0x0000000085102cc0,0x0000000087300000)
 Metaspace       used 34727K, capacity 35198K, committed 35496K, reserved 1081344K
  class space    used 4367K, capacity 4521K, committed 4608K, reserved 1048576K
}
Event: 25.088 GC heap before
{Heap before GC invocations=11 (full 2):
 PSYoungGen      total 256512K, used 11244K [0x00000000d6b80000, 0x00000000efc80000, 0x0000000100000000)
  eden space 245248K, 0% used [0x00000000d6b80000,0x00000000d6b80000,0x00000000e5b00000)
  from space 11264K, 99% used [0x00000000e5b00000,0x00000000e65fb218,0x00000000e6600000)
  to   space 14848K, 0% used [0x00000000eee00000,0x00000000eee00000,0x00000000efc80000)
 ParOldGen       total 50176K, used 15371K [0x0000000084200000, 0x0000000087300000, 0x00000000d6b80000)
  object space 50176K, 30% used [0x0000000084200000,0x0000000085102cc0,0x0000000087300000)
 Metaspace       used 34727K, capacity 35198K, committed 35496K, reserved 1081344K
  class space    used 4367K, capacity 4521K, committed 4608K, reserved 1048576K
Event: 25.214 GC heap after
Heap after GC invocations=11 (full 2):
 PSYoungGen      total 256512K, used 0K [0x00000000d6b80000, 0x00000000efc80000, 0x0000000100000000)
  eden space 245248K, 0% used [0x00000000d6b80000,0x00000000d6b80000,0x00000000e5b00000)
  from space 11264K, 0% used [0x00000000e5b00000,0x00000000e5b00000,0x00000000e6600000)
  to   space 14848K, 0% used [0x00000000eee00000,0x00000000eee00000,0x00000000efc80000)
 ParOldGen       total 73216K, used 25255K [0x0000000084200000, 0x0000000088980000, 0x00000000d6b80000)
  object space 73216K, 34% used [0x0000000084200000,0x0000000085aa9d88,0x0000000088980000)
 Metaspace       used 34727K, capacity 35198K, committed 35496K, reserved 1081344K
  class space    used 4367K, capacity 4521K, committed 4608K, reserved 1048576K
}
Event: 34.784 GC heap before
{Heap before GC invocations=12 (full 2):
 PSYoungGen      total 256512K, used 245248K [0x00000000d6b80000, 0x00000000efc80000, 0x0000000100000000)
  eden space 245248K, 100% used [0x00000000d6b80000,0x00000000e5b00000,0x00000000e5b00000)
  from space 11264K, 0% used [0x00000000e5b00000,0x00000000e5b00000,0x00000000e6600000)
  to   space 14848K, 0% used [0x00000000eee00000,0x00000000eee00000,0x00000000efc80000)
 ParOldGen       total 73216K, used 25255K [0x0000000084200000, 0x0000000088980000, 0x00000000d6b80000)
  object space 73216K, 34% used [0x0000000084200000,0x0000000085aa9d88,0x0000000088980000)
 Metaspace       used 50596K, capacity 51092K, committed 51584K, reserved 1093632K
  class space    used 6585K, capacity 6726K, committed 6784K, reserved 1048576K
Event: 34.809 GC heap after
Heap after GC invocations=12 (full 2):
 PSYoungGen      total 372736K, used 14844K [0x00000000d6b80000, 0x00000000efc80000, 0x0000000100000000)
  eden space 357888K, 0% used [0x00000000d6b80000,0x00000000d6b80000,0x00000000ec900000)
  from space 14848K, 99% used [0x00000000eee00000,0x00000000efc7f098,0x00000000efc80000)
  to   space 19456K, 0% used [0x00000000ed680000,0x00000000ed680000,0x00000000ee980000)
 ParOldGen       total 73216K, used 32392K [0x0000000084200000, 0x0000000088980000, 0x00000000d6b80000)
  object space 73216K, 44% used [0x0000000084200000,0x00000000861a2180,0x0000000088980000)
 Metaspace       used 50596K, capacity 51092K, committed 51584K, reserved 1093632K
  class space    used 6585K, capacity 6726K, committed 6784K, reserved 1048576K
}
Event: 41.864 GC heap before
{Heap before GC invocations=13 (full 2):
 PSYoungGen      total 372736K, used 372732K [0x00000000d6b80000, 0x00000000efc80000, 0x0000000100000000)
  eden space 357888K, 100% used [0x00000000d6b80000,0x00000000ec900000,0x00000000ec900000)
  from space 14848K, 99% used [0x00000000eee00000,0x00000000efc7f098,0x00000000efc80000)
  to   space 19456K, 0% used [0x00000000ed680000,0x00000000ed680000,0x00000000ee980000)
 ParOldGen       total 73216K, used 32392K [0x0000000084200000, 0x0000000088980000, 0x00000000d6b80000)
  object space 73216K, 44% used [0x0000000084200000,0x00000000861a2180,0x0000000088980000)
 Metaspace       used 54492K, capacity 55120K, committed 55680K, reserved 1097728K
  class space    used 7080K, capacity 7248K, committed 7296K, reserved 1048576K
Event: 41.922 GC heap after
Heap after GC invocations=13 (full 2):
 PSYoungGen      total 377344K, used 10759K [0x00000000d6b80000, 0x00000000efc80000, 0x0000000100000000)
  eden space 357888K, 0% used [0x00000000d6b80000,0x00000000d6b80000,0x00000000ec900000)
  from space 19456K, 55% used [0x00000000ed680000,0x00000000ee101e28,0x00000000ee980000)
  to   space 14848K, 0% used [0x00000000eee00000,0x00000000eee00000,0x00000000efc80000)
 ParOldGen       total 73216K, used 41498K [0x0000000084200000, 0x0000000088980000, 0x00000000d6b80000)
  object space 73216K, 56% used [0x0000000084200000,0x0000000086a86a08,0x0000000088980000)
 Metaspace       used 54492K, capacity 55120K, committed 55680K, reserved 1097728K
  class space    used 7080K, capacity 7248K, committed 7296K, reserved 1048576K
}

